<?xml version="1.0" encoding="UTF-8"?>
<!-- Generated by org.testng.reporters.JUnitReportReporter -->
<testsuite hostname="LAPTOP-VB9FJKNE" failures="0" tests="6" name="apiautomation.tests.DemoTest" time="4.685" errors="0" timestamp="2025-03-29T10:53:58 IST" skipped="0">
  <testcase classname="apiautomation.tests.DemoTest" name="getToken" time="3.064"/>
  <system-out/>
  <testcase classname="apiautomation.tests.DemoTest" name="createProduct" time="0.583"/>
  <system-out/>
  <testcase classname="apiautomation.tests.DemoTest" name="addToCart" time="0.295"/>
  <system-out/>
  <testcase classname="apiautomation.tests.DemoTest" name="placeOrder" time="0.335"/>
  <system-out/>
  <testcase classname="apiautomation.tests.DemoTest" name="deletePlacedOrder" time="0.219"/>
  <system-out/>
  <testcase classname="apiautomation.tests.DemoTest" name="deleteProduct" time="0.189"/>
  <system-out/>
</testsuite> <!-- apiautomation.tests.DemoTest -->
