<?xml version="1.0" encoding="UTF-8"?>
<!-- Generated by org.testng.reporters.JUnitReportReporter -->
<testsuite hostname="LAPTOP-VB9FJKNE" failures="0" tests="6" name="apiautomation.tests.DemoTest" time="5.853" errors="0" timestamp="2025-03-28T10:40:55 IST" skipped="0">
  <testcase classname="apiautomation.tests.DemoTest" name="getToken" time="3.806"/>
  <system-out/>
  <testcase classname="apiautomation.tests.DemoTest" name="createProduct" time="0.700"/>
  <system-out/>
  <testcase classname="apiautomation.tests.DemoTest" name="addToCart" time="0.319"/>
  <system-out/>
  <testcase classname="apiautomation.tests.DemoTest" name="placeOrder" time="0.620"/>
  <system-out/>
  <testcase classname="apiautomation.tests.DemoTest" name="deletePlacedOrder" time="0.218"/>
  <system-out/>
  <testcase classname="apiautomation.tests.DemoTest" name="deleteProduct" time="0.190"/>
  <system-out/>
</testsuite> <!-- apiautomation.tests.DemoTest -->
