<?xml version="1.0" encoding="UTF-8"?>
<!-- Generated by org.testng.reporters.JUnitReportReporter -->
<testsuite hostname="LAPTOP-VB9FJKNE" failures="0" tests="6" name="apiautomation.tests.DemoTest" time="4.728" errors="0" timestamp="2025-03-29T09:25:13 IST" skipped="0">
  <testcase classname="apiautomation.tests.DemoTest" name="getToken" time="2.956"/>
  <system-out/>
  <testcase classname="apiautomation.tests.DemoTest" name="createProduct" time="0.688"/>
  <system-out/>
  <testcase classname="apiautomation.tests.DemoTest" name="addToCart" time="0.301"/>
  <system-out/>
  <testcase classname="apiautomation.tests.DemoTest" name="placeOrder" time="0.345"/>
  <system-out/>
  <testcase classname="apiautomation.tests.DemoTest" name="deletePlacedOrder" time="0.253"/>
  <system-out/>
  <testcase classname="apiautomation.tests.DemoTest" name="deleteProduct" time="0.185"/>
  <system-out/>
</testsuite> <!-- apiautomation.tests.DemoTest -->
